0 info it worked if it ends with ok
1 verbose cli [ 'node',
1 verbose cli   '/Users/xintongxia/.nvm/v0.10.32/bin/npm',
1 verbose cli   'run',
1 verbose cli   'build' ]
2 info using npm@2.14.2
3 info using node@v0.10.32
4 verbose run-script [ 'prebuild', 'build', 'postbuild' ]
5 info prebuild streetscape.gl@0.0.1
6 info build streetscape.gl@0.0.1
7 verbose unsafe-perm in lifecycle true
8 info streetscape.gl@0.0.1 Failed to exec build script
9 verbose stack Error: streetscape.gl@0.0.1 build: `npm run clean && npm run build-es6 && npm run build-esm && npm run build-es5`
9 verbose stack Exit status 1
9 verbose stack     at EventEmitter.<anonymous> (/Users/xintongxia/.nvm/v0.10.32/lib/node_modules/npm/lib/utils/lifecycle.js:214:16)
9 verbose stack     at EventEmitter.emit (events.js:98:17)
9 verbose stack     at ChildProcess.<anonymous> (/Users/xintongxia/.nvm/v0.10.32/lib/node_modules/npm/lib/utils/spawn.js:24:14)
9 verbose stack     at ChildProcess.emit (events.js:98:17)
9 verbose stack     at maybeClose (child_process.js:756:16)
9 verbose stack     at Process.ChildProcess._handle.onexit (child_process.js:823:5)
10 verbose pkgid streetscape.gl@0.0.1
11 verbose cwd /Users/xintongxia/dev/streetscape.gl/modules/core
12 error Darwin 17.6.0
13 error argv "node" "/Users/xintongxia/.nvm/v0.10.32/bin/npm" "run" "build"
14 error node v0.10.32
15 error npm  v2.14.2
16 error code ELIFECYCLE
17 error streetscape.gl@0.0.1 build: `npm run clean && npm run build-es6 && npm run build-esm && npm run build-es5`
17 error Exit status 1
18 error Failed at the streetscape.gl@0.0.1 build script 'npm run clean && npm run build-es6 && npm run build-esm && npm run build-es5'.
18 error This is most likely a problem with the streetscape.gl package,
18 error not with npm itself.
18 error Tell the author that this fails on your system:
18 error     npm run clean && npm run build-es6 && npm run build-esm && npm run build-es5
18 error You can get their info via:
18 error     npm owner ls streetscape.gl
18 error There is likely additional logging output above.
19 verbose exit [ 1, true ]
